<?xml version="1.0" encoding="UTF-8"?>
<testsuite xmlns:xsi="http://www.w3.org/2001/XMLSchema-instance" xsi:noNamespaceSchemaLocation="https://maven.apache.org/surefire/maven-surefire-plugin/xsd/surefire-test-report.xsd" name="net.tupi.display.ColorTranslatorTest" time="0.032" tests="4" errors="0" skipped="0" failures="0">
  <properties>
[...]
</properties>
  <testcase name="hexToRgb_test_invalid_hexa" classname="net.tupi.display.ColorTranslatorTest" time="0.022"/>
  <testcase name="hexToRgb_test_invalid_color" classname="net.tupi.display.ColorTranslatorTest" time="0.001"/>
  <testcase name="hexToRgb_test_happyPath_1" classname="net.tupi.display.ColorTranslatorTest" time="0.003"/>
  <testcase name="hexToRgb_test_happyPath_2" classname="net.tupi.display.ColorTranslatorTest" time="0"/>
</testsuite>